生成启动时间为 2014/12/30 11:06:10。
     1>项目“C:\Users\sy\Documents\GitHub\Management-system-of-books\Management system of Books\Management system of Books.vcxproj”在节点 2 上(Build 个目标)。
     1>ClCompile:
         C:\Program Files (x86)\Microsoft Visual Studio 12.0\VC\bin\CL.exe /c /Zi /nologo /W3 /WX- /sdl /O2 /Oi /Oy- /GL /D WIN32 /D NDEBUG /D _CONSOLE /D _LIB /D _UNICODE /D UNICODE /Gm- /EHsc /MD /GS /Gy /fp:precise /Zc:wchar_t /Zc:forScope /Fo"Release\\" /Fd"Release\vc120.pdb" /Gd /TP /analyze- /errorReport:prompt input.cpp menu.cpp output.cpp sort.cpp
         input.cpp
         menu.cpp
         output.cpp
         sort.cpp
       Link:
         C:\Program Files (x86)\Microsoft Visual Studio 12.0\VC\bin\link.exe /ERRORREPORT:PROMPT /OUT:"C:\Users\sy\Documents\GitHub\Management-system-of-books\Release\Management system of Books.exe" /INCREMENTAL:NO /NOLOGO kernel32.lib user32.lib gdi32.lib winspool.lib comdlg32.lib advapi32.lib shell32.lib ole32.lib oleaut32.lib uuid.lib odbc32.lib odbccp32.lib /MANIFEST /MANIFESTUAC:"level='asInvoker' uiAccess='false'" /manifest:embed /DEBUG /PDB:"C:\Users\sy\Documents\GitHub\Management-system-of-books\Release\Management system of Books.pdb" /SUBSYSTEM:CONSOLE /OPT:REF /OPT:ICF /LTCG /TLBID:1 /DYNAMICBASE /NXCOMPAT /IMPLIB:"C:\Users\sy\Documents\GitHub\Management-system-of-books\Release\Management system of Books.lib" /MACHINE:X86 /SAFESEH Release\chooseprice.obj
         Release\del.obj
         Release\ifempty.obj
         Release\input.obj
         Release\insert.obj
         Release\Main.obj
         Release\output.obj
         Release\search.obj
         Release\sort.obj
         Release\menu.obj
         正在生成代码
         已完成代码的生成
         Management system of Books.vcxproj -> C:\Users\sy\Documents\GitHub\Management-system-of-books\Release\Management system of Books.exe
     1>已完成生成项目“C:\Users\sy\Documents\GitHub\Management-system-of-books\Management system of Books\Management system of Books.vcxproj”(Build 个目标)的操作。

生成成功。

已用时间 00:00:04.61
