c:\users\sy\documents\github\management-system-of-books\management system of books\debug\vc120.pdb
c:\users\sy\documents\github\management-system-of-books\management system of books\debug\vc120.idb
c:\users\sy\documents\github\management-system-of-books\management system of books\debug\del.nativecodeanalysis.xml
c:\users\sy\documents\github\management-system-of-books\management system of books\debug\ifempty.nativecodeanalysis.xml
c:\users\sy\documents\github\management-system-of-books\management system of books\debug\input.nativecodeanalysis.xml
c:\users\sy\documents\github\management-system-of-books\management system of books\debug\insert.nativecodeanalysis.xml
c:\users\sy\documents\github\management-system-of-books\management system of books\debug\main.nativecodeanalysis.xml
c:\users\sy\documents\github\management-system-of-books\management system of books\debug\output.nativecodeanalysis.xml
c:\users\sy\documents\github\management-system-of-books\management system of books\debug\search.nativecodeanalysis.xml
c:\users\sy\documents\github\management-system-of-books\management system of books\debug\sort.nativecodeanalysis.xml
c:\users\sy\documents\github\management-system-of-books\management system of books\debug\menu.nativecodeanalysis.xml
c:\users\sy\documents\github\management-system-of-books\management system of books\debug\menu.obj
c:\users\sy\documents\github\management-system-of-books\management system of books\debug\sort.obj
c:\users\sy\documents\github\management-system-of-books\management system of books\debug\search.obj
c:\users\sy\documents\github\management-system-of-books\management system of books\debug\output.obj
c:\users\sy\documents\github\management-system-of-books\management system of books\debug\main.obj
c:\users\sy\documents\github\management-system-of-books\management system of books\debug\insert.obj
c:\users\sy\documents\github\management-system-of-books\management system of books\debug\input.obj
c:\users\sy\documents\github\management-system-of-books\management system of books\debug\ifempty.obj
c:\users\sy\documents\github\management-system-of-books\management system of books\debug\del.obj
c:\users\sy\documents\github\management-system-of-books\debug\management system of books.ilk
c:\users\sy\documents\github\management-system-of-books\debug\management system of books.exe
c:\users\sy\documents\github\management-system-of-books\debug\management system of books.pdb
c:\users\sy\documents\github\management-system-of-books\management system of books\debug\nativecodeanalysis.read.1.tlog
c:\users\sy\documents\github\management-system-of-books\management system of books\debug\vc.nativecodeanalysis.all.xml
c:\users\sy\documents\github\management-system-of-books\debug\management system of books.exe.lastcodeanalysissucceeded
c:\users\sy\documents\github\management-system-of-books\management system of books\debug\manageme.e2a24c8c.tlog\cl.command.1.tlog
c:\users\sy\documents\github\management-system-of-books\management system of books\debug\manageme.e2a24c8c.tlog\cl.read.1.tlog
c:\users\sy\documents\github\management-system-of-books\management system of books\debug\manageme.e2a24c8c.tlog\cl.write.1.tlog
c:\users\sy\documents\github\management-system-of-books\management system of books\debug\manageme.e2a24c8c.tlog\link.command.1.tlog
c:\users\sy\documents\github\management-system-of-books\management system of books\debug\manageme.e2a24c8c.tlog\link.read.1.tlog
c:\users\sy\documents\github\management-system-of-books\management system of books\debug\manageme.e2a24c8c.tlog\link.write.1.tlog
