生成启动时间为 2014/12/23 13:31:55。
     1>项目“C:\Users\sy\Documents\GitHub\Management-system-of-books\Management system of Books\Management system of Books.vcxproj”在节点 2 上(ClCompile 个目标)。
     1>ClCompile:
         C:\Program Files (x86)\Microsoft Visual Studio 12.0\VC\bin\CL.exe /c /ZI /nologo /W3 /WX- /sdl /Od /Oy- /D WIN32 /D _DEBUG /D _CONSOLE /D _LIB /D _UNICODE /D UNICODE /Gm /EHsc /RTC1 /MDd /GS /fp:precise /Zc:wchar_t /Zc:forScope /Fo"Debug\\" /Fd"Debug\vc120.pdb" /Gd /TP /analyze- /errorReport:prompt output.cpp
         output.cpp
     1>c:\users\sy\documents\github\management-system-of-books\management system of books\output.cpp(36): error C2679: 二进制“[”: 没有找到接受“BOOK”类型的右操作数的运算符(或没有可接受的转换)
                 c:\program files (x86)\microsoft visual studio 12.0\vc\include\vector(1196): 可能是“BOOK &std::vector<BOOK,std::allocator<_Ty>>::operator [](unsigned int)”
                 with
                 [
                     _Ty=BOOK
                 ]
                 c:\program files (x86)\microsoft visual studio 12.0\vc\include\vector(1180): 或       “const BOOK &std::vector<BOOK,std::allocator<_Ty>>::operator [](unsigned int) const”
                 with
                 [
                     _Ty=BOOK
                 ]
                 尝试匹配参数列表“(std::vector<BOOK,std::allocator<_Ty>>, BOOK)”时
                 with
                 [
                     _Ty=BOOK
                 ]
     1>c:\users\sy\documents\github\management-system-of-books\management system of books\output.cpp(36): error C2228: “.ISBN”的左边必须有类/结构/联合
     1>c:\users\sy\documents\github\management-system-of-books\management system of books\output.cpp(37): error C2059: 语法错误:“}”
     1>已完成生成项目“C:\Users\sy\Documents\GitHub\Management-system-of-books\Management system of Books\Management system of Books.vcxproj”(ClCompile 个目标)的操作 - 失败。

生成失败。

已用时间 00:00:00.53
